<?xml version="1.0" encoding="UTF-8"?>
<!-- Generated by org.testng.reporters.JUnitReportReporter -->
<testsuite skipped="0" hostname="DESKTOP-PCAMA82" name="com.sgtesting.assignment.AssignmentDemoQa1" tests="31" failures="0" timestamp="2021-06-02T16:48:41 IST" time="58.797" errors="0">
  <testcase name="launchBrowser" time="6.600" classname="com.sgtesting.assignment.AssignmentDemoQa1"/>
  <system-out/>
  <testcase name="navigate" time="6.791" classname="com.sgtesting.assignment.AssignmentDemoQa1"/>
  <system-out/>
  <testcase name="Adminlogin" time="2.252" classname="com.sgtesting.assignment.AssignmentDemoQa1"/>
  <system-out/>
  <testcase name="minimizeFlyOutWindow" time="1.131" classname="com.sgtesting.assignment.AssignmentDemoQa1"/>
  <system-out/>
  <testcase name="User1" time="13.108" classname="com.sgtesting.assignment.AssignmentDemoQa1"/>
  <system-out/>
  <testcase name="logout" time="2.315" classname="com.sgtesting.assignment.AssignmentDemoQa1"/>
  <system-out/>
  <testcase name="User1Loging" time="7.833" classname="com.sgtesting.assignment.AssignmentDemoQa1"/>
  <system-out/>
  <testcase name="User2" time="1.162" classname="com.sgtesting.assignment.AssignmentDemoQa1"/>
  <system-out/>
  <testcase name="User1logout" time="1.135" classname="com.sgtesting.assignment.AssignmentDemoQa1"/>
  <system-out/>
  <testcase name="User2Loging" time="0.040" classname="com.sgtesting.assignment.AssignmentDemoQa1"/>
  <system-out/>
  <testcase name="User3" time="1.134" classname="com.sgtesting.assignment.AssignmentDemoQa1"/>
  <system-out/>
  <testcase name="User3Logout" time="1.156" classname="com.sgtesting.assignment.AssignmentDemoQa1"/>
  <system-out/>
  <testcase name="Admin1login" time="0.024" classname="com.sgtesting.assignment.AssignmentDemoQa1"/>
  <system-out/>
  <testcase name="ModifyUser1" time="1.153" classname="com.sgtesting.assignment.AssignmentDemoQa1"/>
  <system-out/>
  <testcase name="Admin1logout" time="1.128" classname="com.sgtesting.assignment.AssignmentDemoQa1"/>
  <system-out/>
  <testcase name="User1LogingAgain" time="0.039" classname="com.sgtesting.assignment.AssignmentDemoQa1"/>
  <system-out/>
  <testcase name="ModifyUser2" time="1.101" classname="com.sgtesting.assignment.AssignmentDemoQa1"/>
  <system-out/>
  <testcase name="User1logoutAgain" time="1.130" classname="com.sgtesting.assignment.AssignmentDemoQa1"/>
  <system-out/>
  <testcase name="User2LogingAgain" time="0.044" classname="com.sgtesting.assignment.AssignmentDemoQa1"/>
  <system-out/>
  <testcase name="ModifyUser3" time="1.083" classname="com.sgtesting.assignment.AssignmentDemoQa1"/>
  <system-out/>
  <testcase name="User2LogoutAgain" time="1.093" classname="com.sgtesting.assignment.AssignmentDemoQa1"/>
  <system-out/>
  <testcase name="User2LogingAgainAgain" time="0.062" classname="com.sgtesting.assignment.AssignmentDemoQa1"/>
  <system-out/>
  <testcase name="deleteUser3" time="1.113" classname="com.sgtesting.assignment.AssignmentDemoQa1"/>
  <system-out/>
  <testcase name="User2LogoutAgainAgain" time="1.133" classname="com.sgtesting.assignment.AssignmentDemoQa1"/>
  <system-out/>
  <testcase name="User1LogingAgainAgain" time="0.036" classname="com.sgtesting.assignment.AssignmentDemoQa1"/>
  <system-out/>
  <testcase name="deleteUser2" time="1.185" classname="com.sgtesting.assignment.AssignmentDemoQa1"/>
  <system-out/>
  <testcase name="User1logoutAgainAgain" time="1.111" classname="com.sgtesting.assignment.AssignmentDemoQa1"/>
  <system-out/>
  <testcase name="Admin1loginAgain" time="0.065" classname="com.sgtesting.assignment.AssignmentDemoQa1"/>
  <system-out/>
  <testcase name="deleteUser1" time="1.106" classname="com.sgtesting.assignment.AssignmentDemoQa1"/>
  <system-out/>
  <testcase name="Admin1logoutAgainAgain" time="1.148" classname="com.sgtesting.assignment.AssignmentDemoQa1"/>
  <system-out/>
  <testcase name="closeApplication" time="0.386" classname="com.sgtesting.assignment.AssignmentDemoQa1"/>
  <system-out/>
</testsuite> <!-- com.sgtesting.assignment.AssignmentDemoQa1 -->
